<?xml version="1.0" encoding="UTF-8"?>
<testng-results ignored="0" total="1" passed="1" failed="0" skipped="0">
  <reporter-output>
  </reporter-output>
  <suite started-at="2023-11-26T07:37:53 IST" name="Surefire suite" finished-at="2023-11-26T07:37:53 IST" duration-ms="88">
    <groups>
    </groups>
    <test started-at="2023-11-26T07:37:53 IST" name="Surefire test" finished-at="2023-11-26T07:37:53 IST" duration-ms="88">
      <class name="com.qa.automation.TestCase1">
        <test-method signature="test1()[pri:0, instance:com.qa.automation.TestCase1@394df057]" started-at="2023-11-26T07:37:53 IST" name="test1" finished-at="2023-11-26T07:37:53 IST" duration-ms="6" status="PASS">
          <reporter-output>
          </reporter-output>
        </test-method> <!-- test1 -->
      </class> <!-- com.qa.automation.TestCase1 -->
    </test> <!-- Surefire test -->
  </suite> <!-- Surefire suite -->
</testng-results>
