<?xml version="1.0" encoding="UTF-8"?>
<!-- Generated by org.testng.reporters.JUnitXMLReporter -->
<testsuite ignored="3" hostname="LAPTOP-BH9IM1PN" failures="0" tests="1" name="Test" time="4.842" errors="0" timestamp="2023-11-24T13:57:42 IST">
  <testcase classname="package1.loginTest" name="smokeTest" time="4.744"/>
  <testcase classname="package1.loginTest" name="regressionTest" time="0.0">
    <ignored/>
  </testcase> <!-- regressionTest -->
  <testcase classname="package1.loginTest" name="login" time="0.0">
    <ignored/>
  </testcase> <!-- login -->
  <testcase classname="package1.loginTest" name="sanityTest" time="0.0">
    <ignored/>
  </testcase> <!-- sanityTest -->
</testsuite> <!-- Test -->
