<?xml version="1.0" encoding="UTF-8"?>
<testng-results ignored="0" total="2" passed="2" failed="0" skipped="0">
  <reporter-output>
  </reporter-output>
  <suite started-at="2023-11-28T11:51:52 IST" name="Suite" finished-at="2023-11-28T11:51:52 IST" duration-ms="37">
    <groups>
    </groups>
    <test started-at="2023-11-28T11:51:52 IST" name="Sanity Test" finished-at="2023-11-28T11:51:52 IST" duration-ms="37">
      <class name="package1.Test1">
        <test-method signature="m1()[pri:0, instance:package1.Test1@6ff29830]" started-at="2023-11-28T11:51:52 IST" name="m1" finished-at="2023-11-28T11:51:52 IST" duration-ms="4" status="PASS">
          <reporter-output>
          </reporter-output>
        </test-method> <!-- m1 -->
        <test-method signature="m2()[pri:0, instance:package1.Test1@6ff29830]" started-at="2023-11-28T11:51:52 IST" name="m2" finished-at="2023-11-28T11:51:52 IST" duration-ms="0" status="PASS">
          <reporter-output>
          </reporter-output>
        </test-method> <!-- m2 -->
      </class> <!-- package1.Test1 -->
    </test> <!-- Sanity Test -->
  </suite> <!-- Suite -->
</testng-results>
