<?xml version="1.0" encoding="UTF-8"?>
<testsuite xmlns:xsi="http://www.w3.org/2001/XMLSchema-instance" xsi:noNamespaceSchemaLocation="https://maven.apache.org/surefire/maven-surefire-plugin/xsd/surefire-test-report-3.0.xsd" version="3.0" name="TestSuite" time="0.617" tests="2" errors="0" skipped="0" failures="0">
  <properties>
[...]
</properties>
  <testcase name="m1" classname="package1.Test1" time="0.005">
    <system-out><![CDATA[ Sanity ==> Testcase1 
]]></system-out>
  </testcase>
  <testcase name="m2" classname="package1.Test1" time="0">
    <system-out><![CDATA[ Sanity ==> Testcase2 
]]></system-out>
  </testcase>
</testsuite>