<?xml version="1.0" encoding="UTF-8"?>
<testng-results ignored="0" total="1" passed="1" failed="0" skipped="0">
  <reporter-output>
  </reporter-output>
  <suite started-at="2023-11-26T11:01:35 IST" name="Default suite" finished-at="2023-11-26T11:01:36 IST" duration-ms="76">
    <groups>
    </groups>
    <test started-at="2023-11-26T11:01:35 IST" name="Default test" finished-at="2023-11-26T11:01:36 IST" duration-ms="76">
      <class name="pages_main.page6">
        <test-method signature="m6()[pri:0, instance:pages_main.page6@2805d709]" started-at="2023-11-26T11:01:36 IST" name="m6" finished-at="2023-11-26T11:01:36 IST" duration-ms="13" status="PASS">
          <reporter-output>
          </reporter-output>
        </test-method> <!-- m6 -->
      </class> <!-- pages_main.page6 -->
    </test> <!-- Default test -->
  </suite> <!-- Default suite -->
</testng-results>
