<?xml version="1.0" encoding="UTF-8"?>
<testng-results ignored="0" total="6" passed="6" failed="0" skipped="0">
  <reporter-output>
  </reporter-output>
  <suite started-at="2023-11-25T17:34:59 IST" name="Surefire suite" finished-at="2023-11-25T17:34:59 IST" duration-ms="77">
    <groups>
    </groups>
    <test started-at="2023-11-25T17:34:59 IST" name="Surefire test" finished-at="2023-11-25T17:34:59 IST" duration-ms="77">
      <class name="package1.firstTest">
        <test-method signature="test1()[pri:0, instance:package1.firstTest@68e5eea7]" started-at="2023-11-25T17:34:59 IST" name="test1" finished-at="2023-11-25T17:34:59 IST" duration-ms="7" status="PASS">
          <reporter-output>
          </reporter-output>
        </test-method> <!-- test1 -->
        <test-method signature="test2()[pri:0, instance:package1.firstTest@68e5eea7]" started-at="2023-11-25T17:34:59 IST" name="test2" finished-at="2023-11-25T17:34:59 IST" duration-ms="1" status="PASS">
          <reporter-output>
          </reporter-output>
        </test-method> <!-- test2 -->
        <test-method signature="test3()[pri:0, instance:package1.firstTest@68e5eea7]" started-at="2023-11-25T17:34:59 IST" name="test3" finished-at="2023-11-25T17:34:59 IST" duration-ms="0" status="PASS">
          <reporter-output>
          </reporter-output>
        </test-method> <!-- test3 -->
      </class> <!-- package1.firstTest -->
      <class name="package1.secondTest">
        <test-method signature="test1()[pri:0, instance:package1.secondTest@6ff29830]" started-at="2023-11-25T17:34:59 IST" name="test1" finished-at="2023-11-25T17:34:59 IST" duration-ms="0" status="PASS">
          <reporter-output>
          </reporter-output>
        </test-method> <!-- test1 -->
        <test-method signature="test2()[pri:0, instance:package1.secondTest@6ff29830]" started-at="2023-11-25T17:34:59 IST" name="test2" finished-at="2023-11-25T17:34:59 IST" duration-ms="1" status="PASS">
          <reporter-output>
          </reporter-output>
        </test-method> <!-- test2 -->
        <test-method signature="test3()[pri:0, instance:package1.secondTest@6ff29830]" started-at="2023-11-25T17:34:59 IST" name="test3" finished-at="2023-11-25T17:34:59 IST" duration-ms="0" status="PASS">
          <reporter-output>
          </reporter-output>
        </test-method> <!-- test3 -->
      </class> <!-- package1.secondTest -->
    </test> <!-- Surefire test -->
  </suite> <!-- Surefire suite -->
</testng-results>
