<?xml version="1.0" encoding="UTF-8"?>
<!-- Generated by org.testng.reporters.JUnitXMLReporter -->
<testsuite ignored="3" hostname="LAPTOP-BH9IM1PN" failures="0" tests="1" name="Test" time="5.835" errors="0" timestamp="2023-12-01T11:26:35 IST">
  <testcase classname="package1.loginTest" name="sanityTest" time="5.749"/>
  <testcase classname="package1.loginTest" name="smokeTest" time="0.0">
    <ignored/>
  </testcase> <!-- smokeTest -->
  <testcase classname="package1.loginTest" name="regressionTest" time="0.0">
    <ignored/>
  </testcase> <!-- regressionTest -->
  <testcase classname="package1.loginTest" name="login" time="0.0">
    <ignored/>
  </testcase> <!-- login -->
</testsuite> <!-- Test -->
