<?xml version="1.0" encoding="UTF-8"?>
<testsuite xmlns:xsi="http://www.w3.org/2001/XMLSchema-instance" xsi:noNamespaceSchemaLocation="https://maven.apache.org/surefire/maven-surefire-plugin/xsd/surefire-test-report.xsd" name="package1.loginTest" time="17.425" tests="4" errors="0" skipped="0" failures="0">
  <properties>
[...]
</properties>
  <testcase name="login" classname="package1.loginTest" time="4.746"/>
  <testcase name="regressionTest" classname="package1.loginTest" time="2.93"/>
  <testcase name="sanityTest" classname="package1.loginTest" time="4.852"/>
  <testcase name="smokeTest" classname="package1.loginTest" time="4.263"/>
</testsuite>