<?xml version="1.0" encoding="UTF-8"?>
<!-- Generated by org.testng.reporters.JUnitXMLReporter -->
<testsuite ignored="0" hostname="LAPTOP-BH9IM1PN" failures="0" tests="6" name="Surefire test" time="0.077" errors="0" timestamp="2023-11-25T17:34:59 IST">
  <testcase classname="package1.firstTest" name="test1" time="0.007"/>
  <testcase classname="package1.firstTest" name="test2" time="0.001"/>
  <testcase classname="package1.firstTest" name="test3" time="0.0"/>
  <testcase classname="package1.secondTest" name="test1" time="0.0"/>
  <testcase classname="package1.secondTest" name="test2" time="0.001"/>
  <testcase classname="package1.secondTest" name="test3" time="0.0"/>
</testsuite> <!-- Surefire test -->
