<?xml version="1.0" encoding="UTF-8"?>
<testng-results ignored="0" total="1" passed="1" failed="0" skipped="0">
  <reporter-output>
  </reporter-output>
  <suite started-at="2023-11-24T08:33:16 IST" name="package1.LoginTest" finished-at="2023-11-24T08:33:20 IST" duration-ms="3791">
    <groups>
    </groups>
    <test started-at="2023-11-24T08:33:16 IST" name="Command line test" finished-at="2023-11-24T08:33:20 IST" duration-ms="3791">
      <class name="package1.LoginTest">
        <test-method signature="login()[pri:0, instance:package1.LoginTest@6b2ea799]" started-at="2023-11-24T08:33:16 IST" name="login" finished-at="2023-11-24T08:33:20 IST" duration-ms="3739" status="PASS">
          <reporter-output>
          </reporter-output>
        </test-method> <!-- login -->
      </class> <!-- package1.LoginTest -->
    </test> <!-- Command line test -->
  </suite> <!-- package1.LoginTest -->
</testng-results>
