<?xml version="1.0" encoding="UTF-8"?>
<testng-results ignored="0" total="2" passed="2" failed="0" skipped="0">
  <reporter-output>
  </reporter-output>
  <suite started-at="2023-11-27T14:02:37 IST" name="Suite" finished-at="2023-11-27T14:02:37 IST" duration-ms="59">
    <groups>
    </groups>
    <test started-at="2023-11-27T14:02:37 IST" name="Test" finished-at="2023-11-27T14:02:37 IST" duration-ms="59">
      <class name="package1.Test1">
        <test-method signature="m1()[pri:0, instance:package1.Test1@3a6bb9bf]" started-at="2023-11-27T14:02:37 IST" name="m1" finished-at="2023-11-27T14:02:37 IST" duration-ms="11" status="PASS">
          <reporter-output>
          </reporter-output>
        </test-method> <!-- m1 -->
        <test-method signature="m2()[pri:0, instance:package1.Test1@3a6bb9bf]" started-at="2023-11-27T14:02:37 IST" name="m2" finished-at="2023-11-27T14:02:37 IST" duration-ms="1" status="PASS">
          <reporter-output>
          </reporter-output>
        </test-method> <!-- m2 -->
      </class> <!-- package1.Test1 -->
    </test> <!-- Test -->
  </suite> <!-- Suite -->
</testng-results>
