<?xml version="1.0" encoding="UTF-8"?>
<testng-results ignored="0" total="8" passed="8" failed="0" skipped="0">
  <reporter-output>
  </reporter-output>
  <suite started-at="2023-11-28T08:32:51 IST" name="Suite" finished-at="2023-11-28T08:32:51 IST" duration-ms="261">
    <groups>
    </groups>
    <test started-at="2023-11-28T08:32:51 IST" name="Test" finished-at="2023-11-28T08:32:51 IST" duration-ms="261">
      <class name="package1.Test3">
        <test-method signature="m1()[pri:0, instance:package1.Test3@2e55dd0c]" started-at="2023-11-28T08:32:51 IST" name="m1" finished-at="2023-11-28T08:32:51 IST" duration-ms="3" status="PASS">
          <reporter-output>
          </reporter-output>
        </test-method> <!-- m1 -->
        <test-method signature="m2()[pri:0, instance:package1.Test3@2e55dd0c]" started-at="2023-11-28T08:32:51 IST" name="m2" finished-at="2023-11-28T08:32:51 IST" duration-ms="9" status="PASS">
          <reporter-output>
          </reporter-output>
        </test-method> <!-- m2 -->
      </class> <!-- package1.Test3 -->
      <class name="package1.Test1">
        <test-method signature="m1()[pri:0, instance:package1.Test1@62230c58]" started-at="2023-11-28T08:32:51 IST" name="m1" finished-at="2023-11-28T08:32:51 IST" duration-ms="5" status="PASS">
          <reporter-output>
          </reporter-output>
        </test-method> <!-- m1 -->
        <test-method signature="m2()[pri:0, instance:package1.Test1@62230c58]" started-at="2023-11-28T08:32:51 IST" name="m2" finished-at="2023-11-28T08:32:51 IST" duration-ms="4" status="PASS">
          <reporter-output>
          </reporter-output>
        </test-method> <!-- m2 -->
      </class> <!-- package1.Test1 -->
      <class name="package1.Test2">
        <test-method signature="m1()[pri:0, instance:package1.Test2@2cd2a21f]" started-at="2023-11-28T08:32:51 IST" name="m1" finished-at="2023-11-28T08:32:51 IST" duration-ms="5" status="PASS">
          <reporter-output>
          </reporter-output>
        </test-method> <!-- m1 -->
        <test-method signature="m2()[pri:0, instance:package1.Test2@2cd2a21f]" started-at="2023-11-28T08:32:51 IST" name="m2" finished-at="2023-11-28T08:32:51 IST" duration-ms="11" status="PASS">
          <reporter-output>
          </reporter-output>
        </test-method> <!-- m2 -->
      </class> <!-- package1.Test2 -->
      <class name="package2.Test1">
        <test-method signature="m1()[pri:0, instance:package2.Test1@3d1cfad4]" started-at="2023-11-28T08:32:51 IST" name="m1" finished-at="2023-11-28T08:32:51 IST" duration-ms="24" status="PASS">
          <reporter-output>
          </reporter-output>
        </test-method> <!-- m1 -->
        <test-method signature="m2()[pri:0, instance:package2.Test1@3d1cfad4]" started-at="2023-11-28T08:32:51 IST" name="m2" finished-at="2023-11-28T08:32:51 IST" duration-ms="5" status="PASS">
          <reporter-output>
          </reporter-output>
        </test-method> <!-- m2 -->
      </class> <!-- package2.Test1 -->
    </test> <!-- Test -->
  </suite> <!-- Suite -->
</testng-results>
