<?xml version="1.0" encoding="UTF-8" ?>
<testsuite tests="1" failures="1" name="package1.loginTest" time="0.044" errors="0" skipped="0">
  <properties>
[...]
</properties>
  <testcase classname="package1.loginTest" name="login" time="0.044">
    <failure message="inStream parameter is null" type="java.lang.NullPointerException">java.lang.NullPointerException: inStream parameter is null
	at java.base/java.util.Objects.requireNonNull(Objects.java:233)
	at java.base/java.util.Properties.load(Properties.java:407)
	at package1.loginTest.login(loginTest.java:16)
</failure>
    <system-out>Configuring TestNG with: org.apache.maven.surefire.testng.conf.TestNG652Configurator@4e9ba398
</system-out>
  </testcase>
</testsuite>