<?xml version="1.0" encoding="UTF-8"?>
<testng-results ignored="0" total="2" passed="2" failed="0" skipped="0">
  <reporter-output>
  </reporter-output>
  <suite started-at="2023-11-27T07:46:11 IST" name="Surefire suite" finished-at="2023-11-27T07:46:11 IST" duration-ms="75">
    <groups>
    </groups>
    <test started-at="2023-11-27T07:46:11 IST" name="Surefire test" finished-at="2023-11-27T07:46:11 IST" duration-ms="75">
      <class name="package2.testcase4">
        <test-method signature="m2()[pri:0, instance:package2.testcase4@6e509ffa]" started-at="2023-11-27T07:46:11 IST" name="m2" finished-at="2023-11-27T07:46:11 IST" duration-ms="0" status="PASS">
          <reporter-output>
          </reporter-output>
        </test-method> <!-- m2 -->
      </class> <!-- package2.testcase4 -->
      <class name="package1.testcase2">
        <test-method signature="m2()[pri:0, instance:package1.testcase2@5c90e579]" started-at="2023-11-27T07:46:11 IST" name="m2" finished-at="2023-11-27T07:46:11 IST" duration-ms="5" status="PASS">
          <reporter-output>
          </reporter-output>
        </test-method> <!-- m2 -->
      </class> <!-- package1.testcase2 -->
    </test> <!-- Surefire test -->
  </suite> <!-- Surefire suite -->
</testng-results>
