<?xml version="1.0" encoding="UTF-8"?>
<testng-results ignored="0" total="2" passed="2" failed="0" skipped="0">
  <reporter-output>
  </reporter-output>
  <suite started-at="2023-11-18T13:38:39 IST" name="Default suite" finished-at="2023-11-18T13:40:48 IST" duration-ms="129931">
    <groups>
    </groups>
    <test started-at="2023-11-18T13:38:39 IST" name="Default test" finished-at="2023-11-18T13:40:48 IST" duration-ms="129931">
      <class name="test.testcase2">
        <test-method signature="firefoxBrowserTest1()[pri:0, instance:test.testcase2@194bcebf]" started-at="2023-11-18T13:38:39 IST" name="firefoxBrowserTest1" finished-at="2023-11-18T13:39:44 IST" duration-ms="65385" status="PASS">
          <reporter-output>
          </reporter-output>
        </test-method> <!-- firefoxBrowserTest1 -->
        <test-method signature="firefoxBrowserTest2()[pri:0, instance:test.testcase2@194bcebf]" started-at="2023-11-18T13:39:44 IST" name="firefoxBrowserTest2" finished-at="2023-11-18T13:40:48 IST" duration-ms="64475" status="PASS">
          <reporter-output>
          </reporter-output>
        </test-method> <!-- firefoxBrowserTest2 -->
      </class> <!-- test.testcase2 -->
    </test> <!-- Default test -->
  </suite> <!-- Default suite -->
</testng-results>
