<?xml version="1.0" encoding="UTF-8"?>
<testng-results ignored="0" total="6" passed="6" failed="0" skipped="0">
  <reporter-output>
  </reporter-output>
  <suite started-at="2023-11-27T07:27:05 IST" name="Suite" finished-at="2023-11-27T07:28:06 IST" duration-ms="60404">
    <groups>
    </groups>
    <test started-at="2023-11-27T07:27:05 IST" name="Test" finished-at="2023-11-27T07:28:06 IST" duration-ms="60404">
      <class name="test.testcase1">
        <test-method signature="Reg_Test1()[pri:0, instance:test.testcase1@73700b80]" started-at="2023-11-27T07:27:05 IST" name="Reg_Test1" finished-at="2023-11-27T07:27:14 IST" duration-ms="8936" status="PASS">
          <reporter-output>
          </reporter-output>
        </test-method> <!-- Reg_Test1 -->
        <test-method signature="chromeBrowserTest2()[pri:0, instance:test.testcase1@73700b80]" started-at="2023-11-27T07:27:14 IST" name="chromeBrowserTest2" finished-at="2023-11-27T07:27:23 IST" duration-ms="9094" status="PASS">
          <reporter-output>
          </reporter-output>
        </test-method> <!-- chromeBrowserTest2 -->
        <test-method signature="firefoxBrowserTest1()[pri:0, instance:test.testcase1@73700b80]" started-at="2023-11-27T07:27:23 IST" name="firefoxBrowserTest1" finished-at="2023-11-27T07:27:34 IST" duration-ms="10124" status="PASS">
          <reporter-output>
          </reporter-output>
        </test-method> <!-- firefoxBrowserTest1 -->
        <test-method signature="firefoxBrowserTest2()[pri:0, instance:test.testcase1@73700b80]" started-at="2023-11-27T07:27:34 IST" name="firefoxBrowserTest2" finished-at="2023-11-27T07:27:45 IST" duration-ms="11243" status="PASS">
          <reporter-output>
          </reporter-output>
        </test-method> <!-- firefoxBrowserTest2 -->
      </class> <!-- test.testcase1 -->
      <class name="test.testcase2">
        <test-method signature="firefoxBrowserTest1()[pri:0, instance:test.testcase2@16a0ee18]" started-at="2023-11-27T07:27:45 IST" name="firefoxBrowserTest1" finished-at="2023-11-27T07:27:55 IST" duration-ms="10126" status="PASS">
          <reporter-output>
          </reporter-output>
        </test-method> <!-- firefoxBrowserTest1 -->
        <test-method signature="firefoxBrowserTest2()[pri:0, instance:test.testcase2@16a0ee18]" started-at="2023-11-27T07:27:55 IST" name="firefoxBrowserTest2" finished-at="2023-11-27T07:28:06 IST" duration-ms="10817" status="PASS">
          <reporter-output>
          </reporter-output>
        </test-method> <!-- firefoxBrowserTest2 -->
      </class> <!-- test.testcase2 -->
    </test> <!-- Test -->
  </suite> <!-- Suite -->
</testng-results>
