<?xml version="1.0" encoding="UTF-8"?>
<testng-results ignored="0" total="1" passed="1" failed="0" skipped="0">
  <reporter-output>
  </reporter-output>
  <suite started-at="2023-11-24T13:57:37 IST" name="Suite" finished-at="2023-11-24T13:57:42 IST" duration-ms="4842">
    <groups>
    </groups>
    <test started-at="2023-11-24T13:57:37 IST" name="Test" finished-at="2023-11-24T13:57:42 IST" duration-ms="4842">
      <class name="package1.loginTest">
        <test-method signature="smokeTest()[pri:0, instance:package1.loginTest@4944252c]" started-at="2023-11-24T13:57:37 IST" name="smokeTest" finished-at="2023-11-24T13:57:42 IST" duration-ms="4744" status="PASS">
          <reporter-output>
          </reporter-output>
        </test-method> <!-- smokeTest -->
      </class> <!-- package1.loginTest -->
    </test> <!-- Test -->
  </suite> <!-- Suite -->
</testng-results>
