<?xml version="1.0" encoding="UTF-8"?>
<!-- Generated by org.testng.reporters.JUnitXMLReporter -->
<testsuite ignored="0" hostname="LAPTOP-BH9IM1PN" failures="0" tests="6" name="Test" time="60.404" errors="0" timestamp="2023-11-27T07:28:06 IST">
  <testcase classname="test.testcase1" name="Reg_Test1" time="8.936"/>
  <testcase classname="test.testcase1" name="chromeBrowserTest2" time="9.094"/>
  <testcase classname="test.testcase1" name="firefoxBrowserTest1" time="10.124"/>
  <testcase classname="test.testcase1" name="firefoxBrowserTest2" time="11.243"/>
  <testcase classname="test.testcase2" name="firefoxBrowserTest1" time="10.126"/>
  <testcase classname="test.testcase2" name="firefoxBrowserTest2" time="10.817"/>
</testsuite> <!-- Test -->
