<?xml version="1.0" encoding="UTF-8"?>
<testng-results ignored="0" total="8" passed="8" failed="0" skipped="0">
  <reporter-output>
  </reporter-output>
  <suite started-at="2023-11-27T14:57:32 IST" name="Suite" finished-at="2023-11-27T14:57:32 IST" duration-ms="46">
    <groups>
    </groups>
    <test started-at="2023-11-27T14:57:32 IST" name="Test" finished-at="2023-11-27T14:57:32 IST" duration-ms="46">
      <class name="package1.Test1">
        <test-method signature="m1()[pri:0, instance:package1.Test1@fd07cbb]" started-at="2023-11-27T14:57:32 IST" name="m1" finished-at="2023-11-27T14:57:32 IST" duration-ms="6" status="PASS">
          <reporter-output>
          </reporter-output>
        </test-method> <!-- m1 -->
        <test-method signature="m2()[pri:0, instance:package1.Test1@fd07cbb]" started-at="2023-11-27T14:57:32 IST" name="m2" finished-at="2023-11-27T14:57:32 IST" duration-ms="0" status="PASS">
          <reporter-output>
          </reporter-output>
        </test-method> <!-- m2 -->
      </class> <!-- package1.Test1 -->
    </test> <!-- Test -->
  </suite> <!-- Suite -->
  <suite started-at="2023-11-27T14:57:32 IST" name="Suite (1)" finished-at="2023-11-27T14:57:32 IST" duration-ms="2">
    <groups>
    </groups>
    <test started-at="2023-11-27T14:57:32 IST" name="Test" finished-at="2023-11-27T14:57:32 IST" duration-ms="2">
      <class name="package1.Test3">
        <test-method signature="m1()[pri:0, instance:package1.Test3@68e965f5]" started-at="2023-11-27T14:57:32 IST" name="m1" finished-at="2023-11-27T14:57:32 IST" duration-ms="1" status="PASS">
          <reporter-output>
          </reporter-output>
        </test-method> <!-- m1 -->
        <test-method signature="m2()[pri:0, instance:package1.Test3@68e965f5]" started-at="2023-11-27T14:57:32 IST" name="m2" finished-at="2023-11-27T14:57:32 IST" duration-ms="0" status="PASS">
          <reporter-output>
          </reporter-output>
        </test-method> <!-- m2 -->
      </class> <!-- package1.Test3 -->
    </test> <!-- Test -->
  </suite> <!-- Suite (1) -->
  <suite started-at="2023-11-27T14:57:32 IST" name="Suite (0)" finished-at="2023-11-27T14:57:32 IST" duration-ms="3">
    <groups>
    </groups>
    <test started-at="2023-11-27T14:57:32 IST" name="Test" finished-at="2023-11-27T14:57:32 IST" duration-ms="3">
      <class name="package1.Test2">
        <test-method signature="m1()[pri:0, instance:package1.Test2@46fa7c39]" started-at="2023-11-27T14:57:32 IST" name="m1" finished-at="2023-11-27T14:57:32 IST" duration-ms="0" status="PASS">
          <reporter-output>
          </reporter-output>
        </test-method> <!-- m1 -->
        <test-method signature="m2()[pri:0, instance:package1.Test2@46fa7c39]" started-at="2023-11-27T14:57:32 IST" name="m2" finished-at="2023-11-27T14:57:32 IST" duration-ms="0" status="PASS">
          <reporter-output>
          </reporter-output>
        </test-method> <!-- m2 -->
      </class> <!-- package1.Test2 -->
    </test> <!-- Test -->
  </suite> <!-- Suite (0) -->
  <suite started-at="2023-11-27T14:57:32 IST" name="Suite (2)" finished-at="2023-11-27T14:57:32 IST" duration-ms="3">
    <groups>
    </groups>
    <test started-at="2023-11-27T14:57:32 IST" name="Test" finished-at="2023-11-27T14:57:32 IST" duration-ms="3">
      <class name="package2.Test1">
        <test-method signature="m1()[pri:0, instance:package2.Test1@3315d2d7]" started-at="2023-11-27T14:57:32 IST" name="m1" finished-at="2023-11-27T14:57:32 IST" duration-ms="0" status="PASS">
          <reporter-output>
          </reporter-output>
        </test-method> <!-- m1 -->
        <test-method signature="m2()[pri:0, instance:package2.Test1@3315d2d7]" started-at="2023-11-27T14:57:32 IST" name="m2" finished-at="2023-11-27T14:57:32 IST" duration-ms="0" status="PASS">
          <reporter-output>
          </reporter-output>
        </test-method> <!-- m2 -->
      </class> <!-- package2.Test1 -->
    </test> <!-- Test -->
  </suite> <!-- Suite (2) -->
</testng-results>
