<?xml version="1.0" encoding="UTF-8"?>
<!-- Generated by org.testng.reporters.JUnitXMLReporter -->
<testsuite ignored="0" hostname="LAPTOP-BH9IM1PN" failures="0" tests="4" name="Surefire test" time="16.862" errors="0" timestamp="2023-12-01T11:32:39 IST">
  <testcase classname="package1.loginTest" name="login" time="4.731"/>
  <testcase classname="package1.loginTest" name="regressionTest" time="2.96"/>
  <testcase classname="package1.loginTest" name="sanityTest" time="4.851"/>
  <testcase classname="package1.loginTest" name="smokeTest" time="4.262"/>
</testsuite> <!-- Surefire test -->
