<?xml version="1.0" encoding="UTF-8"?>
<!-- Generated by org.testng.reporters.JUnitXMLReporter -->
<testsuite ignored="0" hostname="LAPTOP-BH9IM1PN" failures="0" tests="8" name="Test" time="0.261" errors="0" timestamp="2023-11-28T08:32:52 IST">
  <testcase classname="package2.Test1" name="m1" time="0.024"/>
  <testcase classname="package2.Test1" name="m2" time="0.005"/>
  <testcase classname="package1.Test1" name="m1" time="0.005"/>
  <testcase classname="package1.Test1" name="m2" time="0.004"/>
  <testcase classname="package1.Test2" name="m1" time="0.005"/>
  <testcase classname="package1.Test2" name="m2" time="0.011"/>
  <testcase classname="package1.Test3" name="m1" time="0.003"/>
  <testcase classname="package1.Test3" name="m2" time="0.009"/>
</testsuite> <!-- Test -->
